# JRE version: 7.0_21-b11
# Java VM: Java HotSpot(TM) Server VM (23.21-b01 mixed mode linux-x86 )
Heap
 PSYoungGen      total 8832K, used 5944K [0xa98b0000, 0xaa280000, 0xb3600000)
  eden space 7616K, 62% used [0xa98b0000,0xa9d4e980,0xaa020000)
  from space 1216K, 99% used [0xaa150000,0xaa27f988,0xaa280000)
  to   space 1216K, 0% used [0xaa020000,0xaa020000,0xaa150000)
 ParOldGen       total 20160K, used 3099K [0x95e00000, 0x971b0000, 0xa98b0000)
  object space 20160K, 15% used [0x95e00000,0x96106f90,0x971b0000)
 PSPermGen       total 16384K, used 12157K [0x91e00000, 0x92e00000, 0x95e00000)
  object space 16384K, 74% used [0x91e00000,0x929df4a8,0x92e00000)
GC Heap History (4 events):
Event: 0.902 GC heap before
{Heap before GC invocations=1 (full 0):
 PSYoungGen      total 8832K, used 7616K [0xa98b0000, 0xaa280000, 0xb3600000)
  eden space 7616K, 100% used [0xa98b0000,0xaa020000,0xaa020000)
  from space 1216K, 0% used [0xaa150000,0xaa150000,0xaa280000)
  to   space 1216K, 0% used [0xaa020000,0xaa020000,0xaa150000)
 ParOldGen       total 20160K, used 0K [0x95e00000, 0x971b0000, 0xa98b0000)
  object space 20160K, 0% used [0x95e00000,0x95e00000,0x971b0000)
 PSPermGen       total 16384K, used 6923K [0x91e00000, 0x92e00000, 0x95e00000)
  object space 16384K, 42% used [0x91e00000,0x924c2fc8,0x92e00000)
Event: 0.910 GC heap after
Heap after GC invocations=1 (full 0):
 PSYoungGen      total 8832K, used 1208K [0xa98b0000, 0xaa280000, 0xb3600000)
  eden space 7616K, 0% used [0xa98b0000,0xa98b0000,0xaa020000)
  from space 1216K, 99% used [0xaa020000,0xaa14e080,0xaa150000)
  to   space 1216K, 0% used [0xaa150000,0xaa150000,0xaa280000)
 ParOldGen       total 20160K, used 1036K [0x95e00000, 0x971b0000, 0xa98b0000)
  object space 20160K, 5% used [0x95e00000,0x95f031d8,0x971b0000)
 PSPermGen       total 16384K, used 6923K [0x91e00000, 0x92e00000, 0x95e00000)
  object space 16384K, 42% used [0x91e00000,0x924c2fc8,0x92e00000)
}
Event: 3.422 GC heap before
{Heap before GC invocations=2 (full 0):
 PSYoungGen      total 8832K, used 8824K [0xa98b0000, 0xaa280000, 0xb3600000)
  eden space 7616K, 100% used [0xa98b0000,0xaa020000,0xaa020000)
  from space 1216K, 99% used [0xaa020000,0xaa14e080,0xaa150000)
  to   space 1216K, 0% used [0xaa150000,0xaa150000,0xaa280000)
 ParOldGen       total 20160K, used 1036K [0x95e00000, 0x971b0000, 0xa98b0000)
  object space 20160K, 5% used [0x95e00000,0x95f031d8,0x971b0000)
 PSPermGen       total 16384K, used 10995K [0x91e00000, 0x92e00000, 0x95e00000)
  object space 16384K, 67% used [0x91e00000,0x928bcd08,0x92e00000)
Event: 3.433 GC heap after
Heap after GC invocations=2 (full 0):
 PSYoungGen      total 8832K, used 1214K [0xa98b0000, 0xaa280000, 0xb3600000)
  eden space 7616K, 0% used [0xa98b0000,0xa98b0000,0xaa020000)
  from space 1216K, 99% used [0xaa150000,0xaa27f988,0xaa280000)
  to   space 1216K, 0% used [0xaa020000,0xaa020000,0xaa150000)
 ParOldGen       total 20160K, used 3099K [0x95e00000, 0x971b0000, 0xa98b0000)
  object space 20160K, 15% used [0x95e00000,0x96106f90,0x971b0000)
 PSPermGen       total 16384K, used 10995K [0x91e00000, 0x92e00000, 0x95e00000)
  object space 16384K, 67% used [0x91e00000,0x928bcd08,0x92e00000)
}

