# JRE version: 7.0_21-b11
# Java VM: Java HotSpot(TM) Server VM (23.21-b01 mixed mode linux-x86 )
Heap
 PSYoungGen      total 8832K, used 6093K [0xa9880000, 0xaa250000, 0xb35d0000)
  eden space 7616K, 64% used [0xa9880000,0xa9d47070,0xa9ff0000)
  from space 1216K, 98% used [0xaa120000,0xaa24c5d8,0xaa250000)
  to   space 1216K, 0% used [0xa9ff0000,0xa9ff0000,0xaa120000)
 ParOldGen       total 20160K, used 3125K [0x95dd0000, 0x97180000, 0xa9880000)
  object space 20160K, 15% used [0x95dd0000,0x960dd678,0x97180000)
 PSPermGen       total 16384K, used 12156K [0x91dd0000, 0x92dd0000, 0x95dd0000)
  object space 16384K, 74% used [0x91dd0000,0x929af050,0x92dd0000)
GC Heap History (4 events):
Event: 0.909 GC heap before
{Heap before GC invocations=1 (full 0):
 PSYoungGen      total 8832K, used 7616K [0xa9880000, 0xaa250000, 0xb35d0000)
  eden space 7616K, 100% used [0xa9880000,0xa9ff0000,0xa9ff0000)
  from space 1216K, 0% used [0xaa120000,0xaa120000,0xaa250000)
  to   space 1216K, 0% used [0xa9ff0000,0xa9ff0000,0xaa120000)
 ParOldGen       total 20160K, used 0K [0x95dd0000, 0x97180000, 0xa9880000)
  object space 20160K, 0% used [0x95dd0000,0x95dd0000,0x97180000)
 PSPermGen       total 16384K, used 6923K [0x91dd0000, 0x92dd0000, 0x95dd0000)
  object space 16384K, 42% used [0x91dd0000,0x92492fb8,0x92dd0000)
Event: 0.918 GC heap after
Heap after GC invocations=1 (full 0):
 PSYoungGen      total 8832K, used 1200K [0xa9880000, 0xaa250000, 0xb35d0000)
  eden space 7616K, 0% used [0xa9880000,0xa9880000,0xa9ff0000)
  from space 1216K, 98% used [0xa9ff0000,0xaa11c070,0xaa120000)
  to   space 1216K, 0% used [0xaa120000,0xaa120000,0xaa250000)
 ParOldGen       total 20160K, used 1034K [0x95dd0000, 0x97180000, 0xa9880000)
  object space 20160K, 5% used [0x95dd0000,0x95ed29c8,0x97180000)
 PSPermGen       total 16384K, used 6923K [0x91dd0000, 0x92dd0000, 0x95dd0000)
  object space 16384K, 42% used [0x91dd0000,0x92492fb8,0x92dd0000)
}
Event: 3.327 GC heap before
{Heap before GC invocations=2 (full 0):
 PSYoungGen      total 8832K, used 8816K [0xa9880000, 0xaa250000, 0xb35d0000)
  eden space 7616K, 100% used [0xa9880000,0xa9ff0000,0xa9ff0000)
  from space 1216K, 98% used [0xa9ff0000,0xaa11c070,0xaa120000)
  to   space 1216K, 0% used [0xaa120000,0xaa120000,0xaa250000)
 ParOldGen       total 20160K, used 1034K [0x95dd0000, 0x97180000, 0xa9880000)
  object space 20160K, 5% used [0x95dd0000,0x95ed29c8,0x97180000)
 PSPermGen       total 16384K, used 10992K [0x91dd0000, 0x92dd0000, 0x95dd0000)
  object space 16384K, 67% used [0x91dd0000,0x9288c150,0x92dd0000)
Event: 3.334 GC heap after
Heap after GC invocations=2 (full 0):
 PSYoungGen      total 8832K, used 1201K [0xa9880000, 0xaa250000, 0xb35d0000)
  eden space 7616K, 0% used [0xa9880000,0xa9880000,0xa9ff0000)
  from space 1216K, 98% used [0xaa120000,0xaa24c5d8,0xaa250000)
  to   space 1216K, 0% used [0xa9ff0000,0xa9ff0000,0xaa120000)
 ParOldGen       total 20160K, used 3125K [0x95dd0000, 0x97180000, 0xa9880000)
  object space 20160K, 15% used [0x95dd0000,0x960dd678,0x97180000)
 PSPermGen       total 16384K, used 10992K [0x91dd0000, 0x92dd0000, 0x95dd0000)
  object space 16384K, 67% used [0x91dd0000,0x9288c150,0x92dd0000)
}

